\BOOKMARK [0][-]{dummy.1}{\376\377\000D\000e\000c\000l\000a\000r\000a\000t\000i\000o\000n\000\040\000o\000f\000\040\000A\000u\000t\000h\000o\000r\000s\000h\000i\000p}{}% 1
\BOOKMARK [0][-]{dummy.2}{\376\377\000A\000b\000s\000t\000r\000a\000c\000t}{}% 2
\BOOKMARK [0][-]{dummy.3}{\376\377\000A\000c\000k\000n\000o\000w\000l\000e\000d\000g\000e\000m\000e\000n\000t\000s}{}% 3
\BOOKMARK [0][-]{dummy.5}{\376\377\000L\000i\000s\000t\000\040\000o\000f\000\040\000F\000i\000g\000u\000r\000e\000s}{}% 4
\BOOKMARK [0][-]{dummy.7}{\376\377\000L\000i\000s\000t\000\040\000o\000f\000\040\000T\000a\000b\000l\000e\000s}{}% 5
\BOOKMARK [0][-]{dummy.9}{\376\377\000A\000b\000b\000r\000e\000v\000i\000a\000t\000i\000o\000n\000s}{}% 6
\BOOKMARK [0][-]{dummy.12}{\376\377\000P\000h\000y\000s\000i\000c\000a\000l\000\040\000C\000o\000n\000s\000t\000a\000n\000t\000s}{}% 7
\BOOKMARK [0][-]{dummy.15}{\376\377\000S\000y\000m\000b\000o\000l\000s}{}% 8
\BOOKMARK [0][-]{chapter.18}{\376\377\0001\000\040\000I\000n\000t\000r\000o\000d\000u\000c\000t\000i\000o\000n}{}% 9
\BOOKMARK [1][-]{section.19}{\376\377\0001\000.\0001\000\040\000A\000\040\000S\000e\000c\000t\000i\000o\000n}{chapter.18}% 10
\BOOKMARK [2][-]{subsection.20}{\376\377\0001\000.\0001\000.\0001\000\040\000A\000\040\000S\000u\000b\000s\000e\000c\000t\000i\000o\000n}{section.19}% 11
\BOOKMARK [1][-]{section.21}{\376\377\0001\000.\0002\000\040\000A\000n\000o\000t\000h\000e\000r\000\040\000S\000e\000c\000t\000i\000o\000n}{chapter.18}% 12
\BOOKMARK [0][-]{chapter.22}{\376\377\0002\000\040\000L\000i\000t\000e\000r\000a\000t\000u\000r\000e\000\040\000R\000e\000v\000i\000e\000w}{}% 13
\BOOKMARK [1][-]{section.23}{\376\377\0002\000.\0001\000\040\000S\000e\000r\000v\000a\000l\000\040\000M\000e\000s\000h\000\040\000a\000n\000d\000\040\000S\000e\000r\000v\000a\000l\000\040\000M\000e\000s\000h\000\040\000E\000x\000t\000e\000n\000d\000e\000r}{chapter.22}% 14
\BOOKMARK [2][-]{subsection.24}{\376\377\0002\000.\0001\000.\0001\000\040\000F\000i\000r\000s\000t\000\040\000G\000e\000n\000e\000r\000a\000t\000i\000o\000n\000\040\000S\000e\000r\000v\000a\000l\000\040\000M\000e\000s\000h\000\040\000E\000x\000t\000e\000n\000d\000e\000r}{section.23}% 15
\BOOKMARK [2][-]{subsection.25}{\376\377\0002\000.\0001\000.\0002\000\040\000S\000e\000c\000o\000n\000d\000\040\000G\000e\000n\000e\000r\000a\000t\000i\000o\000n\000\040\000S\000e\000r\000v\000a\000l\000\040\000M\000e\000s\000h\000\040\000E\000x\000t\000e\000n\000d\000e\000r\000\040\000D\000e\000s\000i\000g\000n}{section.23}% 16
\BOOKMARK [1][-]{section.26}{\376\377\0002\000.\0002\000\040\000T\000e\000s\000t\000i\000n\000g\000\040\000M\000e\000t\000h\000o\000d\000o\000l\000o\000g\000i\000e\000s}{chapter.22}% 17
\BOOKMARK [1][-]{section.27}{\376\377\0002\000.\0003\000\040\000P\000a\000c\000i\000f\000i\000c\000\040\000H\000u\000m\000a\000n\000i\000t\000a\000r\000i\000a\000n\000\040\000C\000h\000a\000l\000l\000e\000n\000g\000e}{chapter.22}% 18
\BOOKMARK [0][-]{chapter.28}{\376\377\0003\000\040\000F\000A\000C\000\040\000M\000e\000t\000h\000o\000d\000\040\000a\000n\000d\000\040\000M\000a\000t\000e\000r\000i\000a\000l}{}% 19
\BOOKMARK [1][-]{section.29}{\376\377\0003\000.\0001\000\040\000T\000e\000s\000t\000\040\000m\000e\000t\000h\000o\000d\000o\000l\000o\000g\000y\000.\000.\000.}{chapter.28}% 20
\BOOKMARK [1][-]{section.30}{\376\377\0003\000.\0002\000\040\000S\000i\000m\000u\000l\000a\000t\000i\000o\000n\000\040\000m\000e\000t\000h\000o\000d\000o\000l\000o\000g\000y\000.\000.\000.}{chapter.28}% 21
\BOOKMARK [0][-]{chapter.31}{\376\377\0004\000\040\000F\000u\000n\000c\000t\000i\000o\000n\000n\000a\000l\000\040\000H\000a\000r\000d\000w\000a\000r\000e\000\040\000t\000e\000s\000t\000i\000n\000g\000\040\000o\000f\000\040\000S\000e\000r\000v\000a\000l\000\040\000M\000e\000s\000h\000\040\000E\000x\000t\000e\000n\000d\000e\000r}{}% 22
\BOOKMARK [1][-]{section.32}{\376\377\0004\000.\0001\000\040\000E\000n\000v\000i\000r\000o\000n\000m\000e\000n\000t\000a\000l\000\040\000t\000e\000s\000t\000i\000n\000g}{chapter.31}% 23
\BOOKMARK [1][-]{section.33}{\376\377\0004\000.\0002\000\040\000P\000o\000s\000t\000-\000a\000s\000s\000e\000m\000b\000l\000y\000\040\000t\000e\000s\000t\000i\000n\000g}{chapter.31}% 24
\BOOKMARK [2][-]{subsection.34}{\376\377\0004\000.\0002\000.\0001\000\040\000T\000e\000s\000t\000\040\0001\000\040\000:\000\040\000B\000o\000o\000t\000-\000l\000o\000a\000d\000e\000r\000\040\000a\000n\000d\000\040\000f\000l\000a\000s\000h\000\040\000f\000i\000r\000m\000w\000a\000r\000e\000\040\000u\000p\000d\000a\000t\000e}{section.33}% 25
\BOOKMARK [0][-]{chapter.35}{\376\377\0005\000\040\000F\000u\000n\000c\000t\000i\000o\000n\000n\000a\000l\000\040\000S\000o\000f\000t\000w\000a\000r\000e\000\040\000t\000e\000s\000t\000i\000n\000g\000\040\000o\000f\000\040\000S\000e\000r\000v\000a\000l\000\040\000M\000e\000s\000h\000\040\000E\000x\000t\000e\000n\000d\000e\000r}{}% 26
\BOOKMARK [1][-]{section.36}{\376\377\0005\000.\0001\000\040\000A\000\040\000S\000e\000c\000t\000i\000o\000n}{chapter.35}% 27
\BOOKMARK [2][-]{subsection.37}{\376\377\0005\000.\0001\000.\0001\000\040\000A\000\040\000S\000u\000b\000s\000e\000c\000t\000i\000o\000n}{section.36}% 28
\BOOKMARK [1][-]{section.38}{\376\377\0005\000.\0002\000\040\000A\000n\000o\000t\000h\000e\000r\000\040\000S\000e\000c\000t\000i\000o\000n}{chapter.35}% 29
\BOOKMARK [0][-]{chapter.39}{\376\377\0006\000\040\000S\000i\000m\000u\000l\000a\000t\000e\000d\000\040\000F\000i\000e\000l\000d\000\040\000O\000p\000e\000r\000a\000t\000i\000o\000n\000\040\000o\000f\000\040\000S\000e\000r\000v\000a\000l\000\040\000M\000e\000s\000h\000\040\000E\000x\000t\000e\000n\000d\000e\000r}{}% 30
\BOOKMARK [1][-]{section.40}{\376\377\0006\000.\0001\000\040\000A\000\040\000S\000e\000c\000t\000i\000o\000n}{chapter.39}% 31
\BOOKMARK [2][-]{subsection.41}{\376\377\0006\000.\0001\000.\0001\000\040\000A\000\040\000S\000u\000b\000s\000e\000c\000t\000i\000o\000n}{section.40}% 32
\BOOKMARK [1][-]{section.42}{\376\377\0006\000.\0002\000\040\000A\000n\000o\000t\000h\000e\000r\000\040\000S\000e\000c\000t\000i\000o\000n}{chapter.39}% 33
\BOOKMARK [0][-]{chapter.43}{\376\377\0007\000\040\000D\000i\000s\000c\000u\000s\000s\000i\000o\000n}{}% 34
\BOOKMARK [1][-]{section.44}{\376\377\0007\000.\0001\000\040\000A\000\040\000S\000e\000c\000t\000i\000o\000n}{chapter.43}% 35
\BOOKMARK [2][-]{subsection.45}{\376\377\0007\000.\0001\000.\0001\000\040\000A\000\040\000S\000u\000b\000s\000e\000c\000t\000i\000o\000n}{section.44}% 36
\BOOKMARK [1][-]{section.46}{\376\377\0007\000.\0002\000\040\000A\000n\000o\000t\000h\000e\000r\000\040\000S\000e\000c\000t\000i\000o\000n}{chapter.43}% 37
\BOOKMARK [0][-]{chapter.47}{\376\377\0008\000\040\000C\000o\000n\000c\000l\000u\000s\000i\000o\000n\000s\000\040\000a\000n\000d\000\040\000F\000u\000t\000u\000r\000e\000\040\000D\000i\000r\000e\000c\000t\000i\000o\000n}{}% 38
\BOOKMARK [0][-]{appendix.48}{\376\377\000A\000\040\000A\000n\000\040\000A\000p\000p\000e\000n\000d\000i\000x}{}% 39
